


ARM Macro Assembler    Page 1 


    1 00000000         ;******************** (C) COPYRIGHT 2011 STMicroelectron
                       ics ********************
    2 00000000         ;* File Name          : startup_stm32f2xx.s
    3 00000000         ;* Author             : MCD Application Team
    4 00000000         ;* Version            : V1.0.0
    5 00000000         ;* Date               : 18-April-2011
    6 00000000         ;* Description        : STM32F2xx devices vector table f
                       or MDK-ARM toolchain. 
    7 00000000         ;*                      This module performs:
    8 00000000         ;*                      - Set the initial SP
    9 00000000         ;*                      - Set the initial PC == Reset_Ha
                       ndler
   10 00000000         ;*                      - Set the vector table entries w
                       ith the exceptions ISR address
   11 00000000         ;*                      - Branches to __main in the C li
                       brary (which eventually
   12 00000000         ;*                        calls main()).
   13 00000000         ;*                      After Reset the CortexM3 process
                       or is in Thread mode,
   14 00000000         ;*                      priority is Privileged, and the 
                       Stack is set to Main.
   15 00000000         ;* <<< Use Configuration Wizard in Context Menu >>>   
   16 00000000         ;*******************************************************
                       ************************
   17 00000000         ; THE PRESENT FIRMWARE WHICH IS FOR GUIDANCE ONLY AIMS A
                       T PROVIDING CUSTOMERS
   18 00000000         ; WITH CODING INFORMATION REGARDING THEIR PRODUCTS IN OR
                       DER FOR THEM TO SAVE TIME.
   19 00000000         ; AS A RESULT, STMICROELECTRONICS SHALL NOT BE HELD LIAB
                       LE FOR ANY DIRECT,
   20 00000000         ; INDIRECT OR CONSEQUENTIAL DAMAGES WITH RESPECT TO ANY 
                       CLAIMS ARISING FROM THE
   21 00000000         ; CONTENT OF SUCH FIRMWARE AND/OR THE USE MADE BY CUSTOM
                       ERS OF THE CODING
   22 00000000         ; INFORMATION CONTAINED HEREIN IN CONNECTION WITH THEIR 
                       PRODUCTS.
   23 00000000         ;*******************************************************
                       ************************
   24 00000000         
   25 00000000         ; Amount of memory (in bytes) allocated for Stack
   26 00000000         ; Tailor this value to your application needs
   27 00000000         ; <h> Stack Configuration
   28 00000000         ;   <o> Stack Size (in Bytes) <0x0-0xFFFFFFFF:8>
   29 00000000         ; </h>
   30 00000000         
   31 00000000 00000400 
                       Stack_Size
                               EQU              0x00000400
   32 00000000         
   33 00000000                 AREA             STACK, NOINIT, READWRITE, ALIGN
=3
   34 00000000         Stack_Mem
                               SPACE            Stack_Size
   35 00000400         __initial_sp
   36 00000400         
   37 00000400         
   38 00000400         ; <h> Heap Configuration
   39 00000400         ;   <o>  Heap Size (in Bytes) <0x0-0xFFFFFFFF:8>
   40 00000400         ; </h>



ARM Macro Assembler    Page 2 


   41 00000400         
   42 00000400 00000200 
                       Heap_Size
                               EQU              0x00000200
   43 00000400         
   44 00000400                 AREA             HEAP, NOINIT, READWRITE, ALIGN=
3
   45 00000000         __heap_base
   46 00000000         Heap_Mem
                               SPACE            Heap_Size
   47 00000200         __heap_limit
   48 00000200         
   49 00000200                 PRESERVE8
   50 00000200                 THUMB
   51 00000200         
   52 00000200         
   53 00000200         ; Vector Table Mapped to Address 0 at Reset
   54 00000200                 AREA             RESET, DATA, READONLY
   55 00000000                 EXPORT           __Vectors
   56 00000000                 EXPORT           __Vectors_End
   57 00000000                 EXPORT           __Vectors_Size
   58 00000000         
   59 00000000 00000000 
                       __Vectors
                               DCD              __initial_sp ; Top of Stack
   60 00000004 00000000        DCD              Reset_Handler ; Reset Handler
   61 00000008 00000000        DCD              NMI_Handler ; NMI Handler
   62 0000000C 00000000        DCD              HardFault_Handler ; Hard Fault 
                                                            Handler
   63 00000010 00000000        DCD              MemManage_Handler 
                                                            ; MPU Fault Handler
                                                            
   64 00000014 00000000        DCD              BusFault_Handler 
                                                            ; Bus Fault Handler
                                                            
   65 00000018 00000000        DCD              UsageFault_Handler ; Usage Faul
                                                            t Handler
   66 0000001C 00000000        DCD              0           ; Reserved
   67 00000020 00000000        DCD              0           ; Reserved
   68 00000024 00000000        DCD              0           ; Reserved
   69 00000028 00000000        DCD              0           ; Reserved
   70 0000002C 00000000        DCD              SVC_Handler ; SVCall Handler
   71 00000030 00000000        DCD              DebugMon_Handler ; Debug Monito
                                                            r Handler
   72 00000034 00000000        DCD              0           ; Reserved
   73 00000038 00000000        DCD              PendSV_Handler ; PendSV Handler
                                                            
   74 0000003C 00000000        DCD              SysTick_Handler 
                                                            ; SysTick Handler
   75 00000040         
   76 00000040         ; External Interrupts
   77 00000040 00000000        DCD              WWDG_IRQHandler ; Window WatchD
                                                            og                 
                                                                               
                                                                
   78 00000044 00000000        DCD              PVD_IRQHandler ; PVD through EX
                                                            TI Line detection  
                                                                               
                                                               



ARM Macro Assembler    Page 3 


   79 00000048 00000000        DCD              TAMP_STAMP_IRQHandler ; Tamper 
                                                            and TimeStamps thro
                                                            ugh the EXTI line  
                                                                      
   80 0000004C 00000000        DCD              RTC_WKUP_IRQHandler ; RTC Wakeu
                                                            p through the EXTI 
                                                            line               
                                                                    
   81 00000050 00000000        DCD              FLASH_IRQHandler ; FLASH       
                                                                               
                                                                             
   82 00000054 00000000        DCD              RCC_IRQHandler ; RCC           
                                                                               
                                                                           
   83 00000058 00000000        DCD              EXTI0_IRQHandler ; EXTI Line0  
                                                                               
                                                                               
                                                                 
   84 0000005C 00000000        DCD              EXTI1_IRQHandler ; EXTI Line1  
                                                                               
                                                                               
                                                                 
   85 00000060 00000000        DCD              EXTI2_IRQHandler ; EXTI Line2  
                                                                               
                                                                               
                                                                 
   86 00000064 00000000        DCD              EXTI3_IRQHandler ; EXTI Line3  
                                                                               
                                                                               
                                                                 
   87 00000068 00000000        DCD              EXTI4_IRQHandler ; EXTI Line4  
                                                                               
                                                                               
                                                                 
   88 0000006C 00000000        DCD              DMA1_Stream0_IRQHandler ; DMA1 
                                                            Stream 0           
                                                                               
                                                                 
   89 00000070 00000000        DCD              DMA1_Stream1_IRQHandler ; DMA1 
                                                            Stream 1           
                                                                               
                                                                 
   90 00000074 00000000        DCD              DMA1_Stream2_IRQHandler ; DMA1 
                                                            Stream 2           
                                                                               
                                                                 
   91 00000078 00000000        DCD              DMA1_Stream3_IRQHandler ; DMA1 
                                                            Stream 3           
                                                                               
                                                                 
   92 0000007C 00000000        DCD              DMA1_Stream4_IRQHandler ; DMA1 
                                                            Stream 4           
                                                                               
                                                                 
   93 00000080 00000000        DCD              DMA1_Stream5_IRQHandler ; DMA1 
                                                            Stream 5           
                                                                               
                                                                 
   94 00000084 00000000        DCD              DMA1_Stream6_IRQHandler ; DMA1 



ARM Macro Assembler    Page 4 


                                                            Stream 6           
                                                                               
                                                                 
   95 00000088 00000000        DCD              ADC_IRQHandler ; ADC1, ADC2 and
                                                             ADC3s             
                                                                           
   96 0000008C 00000000        DCD              CAN1_TX_IRQHandler ; CAN1 TX   
                                                                               
                                                                               
                                                                   
   97 00000090 00000000        DCD              CAN1_RX0_IRQHandler ; CAN1 RX0 
                                                                               
                                                                               
                                                                    
   98 00000094 00000000        DCD              CAN1_RX1_IRQHandler ; CAN1 RX1 
                                                                               
                                                                               
                                                                    
   99 00000098 00000000        DCD              CAN1_SCE_IRQHandler ; CAN1 SCE 
                                                                               
                                                                               
                                                                    
  100 0000009C 00000000        DCD              EXTI9_5_IRQHandler ; External L
                                                            ine[9:5]s          
                                                                               
                                                                   
  101 000000A0 00000000        DCD              TIM1_BRK_TIM9_IRQHandler ; TIM1
                                                             Break and TIM9    
                                                                           
  102 000000A4 00000000        DCD              TIM1_UP_TIM10_IRQHandler ; TIM1
                                                             Update and TIM10  
                                                                           
  103 000000A8 00000000        DCD              TIM1_TRG_COM_TIM11_IRQHandler ;
                                                             TIM1 Trigger and C
                                                            ommutation and TIM1
                                                            1
  104 000000AC 00000000        DCD              TIM1_CC_IRQHandler ; TIM1 Captu
                                                            re Compare         
                                                                               
                                                                   
  105 000000B0 00000000        DCD              TIM2_IRQHandler ; TIM2         
                                                                               
                                                                            
  106 000000B4 00000000        DCD              TIM3_IRQHandler ; TIM3         
                                                                               
                                                                            
  107 000000B8 00000000        DCD              TIM4_IRQHandler ; TIM4         
                                                                               
                                                                            
  108 000000BC 00000000        DCD              I2C1_EV_IRQHandler ; I2C1 Event
                                                                               
                                                                               
                                                                   
  109 000000C0 00000000        DCD              I2C1_ER_IRQHandler ; I2C1 Error
                                                                               
                                                                               
                                                                   
  110 000000C4 00000000        DCD              I2C2_EV_IRQHandler ; I2C2 Event
                                                                               



ARM Macro Assembler    Page 5 


                                                                               
                                                                   
  111 000000C8 00000000        DCD              I2C2_ER_IRQHandler ; I2C2 Error
                                                                               
                                                                               
                                                                     
  112 000000CC 00000000        DCD              SPI1_IRQHandler ; SPI1         
                                                                               
                                                                            
  113 000000D0 00000000        DCD              SPI2_IRQHandler ; SPI2         
                                                                               
                                                                            
  114 000000D4 00000000        DCD              USART1_IRQHandler ; USART1     
                                                                               
                                                                              
  115 000000D8 00000000        DCD              USART2_IRQHandler ; USART2     
                                                                               
                                                                              
  116 000000DC 00000000        DCD              USART3_IRQHandler ; USART3     
                                                                               
                                                                              
  117 000000E0 00000000        DCD              EXTI15_10_IRQHandler ; External
                                                             Line[15:10]s      
                                                                               
                                                                     
  118 000000E4 00000000        DCD              RTC_Alarm_IRQHandler ; RTC Alar
                                                            m (A and B) through
                                                             EXTI Line         
                                                                     
  119 000000E8 00000000        DCD              OTG_FS_WKUP_IRQHandler ; USB OT
                                                            G FS Wakeup through
                                                             EXTI line         
                                                                           
  120 000000EC 00000000        DCD              TIM8_BRK_TIM12_IRQHandler ; TIM
                                                            8 Break and TIM12  
                                                                            
  121 000000F0 00000000        DCD              TIM8_UP_TIM13_IRQHandler ; TIM8
                                                             Update and TIM13  
                                                                           
  122 000000F4 00000000        DCD              TIM8_TRG_COM_TIM14_IRQHandler ;
                                                             TIM8 Trigger and C
                                                            ommutation and TIM1
                                                            4
  123 000000F8 00000000        DCD              TIM8_CC_IRQHandler ; TIM8 Captu
                                                            re Compare         
                                                                               
                                                                   
  124 000000FC 00000000        DCD              DMA1_Stream7_IRQHandler ; DMA1 
                                                            Stream7            
                                                                               
                                                                        
  125 00000100 00000000        DCD              FSMC_IRQHandler ; FSMC         
                                                                               
                                                                            
  126 00000104 00000000        DCD              SDIO_IRQHandler ; SDIO         
                                                                               
                                                                            
  127 00000108 00000000        DCD              TIM5_IRQHandler ; TIM5         
                                                                               



ARM Macro Assembler    Page 6 


                                                                            
  128 0000010C 00000000        DCD              SPI3_IRQHandler ; SPI3         
                                                                               
                                                                            
  129 00000110 00000000        DCD              UART4_IRQHandler ; UART4       
                                                                               
                                                                             
  130 00000114 00000000        DCD              UART5_IRQHandler ; UART5       
                                                                               
                                                                             
  131 00000118 00000000        DCD              TIM6_DAC_IRQHandler ; TIM6 and 
                                                            DAC1&2 underrun err
                                                            ors                
                                                               
  132 0000011C 00000000        DCD              TIM7_IRQHandler ; TIM7         
                                                                      
  133 00000120 00000000        DCD              DMA2_Stream0_IRQHandler ; DMA2 
                                                            Stream 0           
                                                                               
                                                                 
  134 00000124 00000000        DCD              DMA2_Stream1_IRQHandler ; DMA2 
                                                            Stream 1           
                                                                               
                                                                 
  135 00000128 00000000        DCD              DMA2_Stream2_IRQHandler ; DMA2 
                                                            Stream 2           
                                                                               
                                                                 
  136 0000012C 00000000        DCD              DMA2_Stream3_IRQHandler ; DMA2 
                                                            Stream 3           
                                                                               
                                                                 
  137 00000130 00000000        DCD              DMA2_Stream4_IRQHandler ; DMA2 
                                                            Stream 4           
                                                                               
                                                                 
  138 00000134 00000000        DCD              ETH_IRQHandler ; Ethernet      
                                                                               
                                                                           
  139 00000138 00000000        DCD              ETH_WKUP_IRQHandler ; Ethernet 
                                                            Wakeup through EXTI
                                                             line              
                                                                    
  140 0000013C 00000000        DCD              CAN2_TX_IRQHandler ; CAN2 TX   
                                                                               
                                                                               
                                                                   
  141 00000140 00000000        DCD              CAN2_RX0_IRQHandler ; CAN2 RX0 
                                                                               
                                                                               
                                                                    
  142 00000144 00000000        DCD              CAN2_RX1_IRQHandler ; CAN2 RX1 
                                                                               
                                                                               
                                                                    
  143 00000148 00000000        DCD              CAN2_SCE_IRQHandler ; CAN2 SCE 
                                                                               
                                                                               
                                                                    



ARM Macro Assembler    Page 7 


  144 0000014C 00000000        DCD              OTG_FS_IRQHandler ; USB OTG FS 
                                                                               
                                                                              
  145 00000150 00000000        DCD              DMA2_Stream5_IRQHandler ; DMA2 
                                                            Stream 5           
                                                                               
                                                                 
  146 00000154 00000000        DCD              DMA2_Stream6_IRQHandler ; DMA2 
                                                            Stream 6           
                                                                               
                                                                 
  147 00000158 00000000        DCD              DMA2_Stream7_IRQHandler ; DMA2 
                                                            Stream 7           
                                                                               
                                                                 
  148 0000015C 00000000        DCD              USART6_IRQHandler ; USART6     
                                                                               
                                                                               
                                                            
  149 00000160 00000000        DCD              I2C3_EV_IRQHandler ; I2C3 event
                                                                               
                                                                               
                                                                   
  150 00000164 00000000        DCD              I2C3_ER_IRQHandler ; I2C3 error
                                                                               
                                                                               
                                                                   
  151 00000168 00000000        DCD              OTG_HS_EP1_OUT_IRQHandler ; USB
                                                             OTG HS End Point 1
                                                             Out               
                                                                   
  152 0000016C 00000000        DCD              OTG_HS_EP1_IN_IRQHandler ; USB 
                                                            OTG HS End Point 1 
                                                            In                 
                                                                  
  153 00000170 00000000        DCD              OTG_HS_WKUP_IRQHandler ; USB OT
                                                            G HS Wakeup through
                                                             EXTI              
                                                                       
  154 00000174 00000000        DCD              OTG_HS_IRQHandler ; USB OTG HS 
                                                                               
                                                                              
  155 00000178 00000000        DCD              DCMI_IRQHandler ; DCMI         
                                                                               
                                                                            
  156 0000017C 00000000        DCD              CRYP_IRQHandler ; CRYP crypto  
                                                                               
                                                                            
  157 00000180 00000000        DCD              HASH_RNG_IRQHandler 
                                                            ; Hash and Rng 
  158 00000184         __Vectors_End
  159 00000184         
  160 00000184 00000184 
                       __Vectors_Size
                               EQU              __Vectors_End - __Vectors
  161 00000184         
  162 00000184                 AREA             |.text|, CODE, READONLY
  163 00000000         
  164 00000000         ; Reset handler



ARM Macro Assembler    Page 8 


  165 00000000         Reset_Handler
                               PROC
  166 00000000                 EXPORT           Reset_Handler             [WEAK
]
  167 00000000                 IMPORT           SystemInit
  168 00000000                 IMPORT           __main
  169 00000000 4809            LDR              R0, =SystemInit
  170 00000002 4780            BLX              R0
  171 00000004 4809            LDR              R0, =__main
  172 00000006 4700            BX               R0
  173 00000008                 ENDP
  174 00000008         
  175 00000008         ; Dummy Exception Handlers (infinite loops which can be 
                       modified)
  176 00000008         
  177 00000008         NMI_Handler
                               PROC
  178 00000008                 EXPORT           NMI_Handler                [WEA
K]
  179 00000008 E7FE            B                .
  180 0000000A                 ENDP
  182 0000000A         HardFault_Handler
                               PROC
  183 0000000A                 EXPORT           HardFault_Handler          [WEA
K]
  184 0000000A E7FE            B                .
  185 0000000C                 ENDP
  187 0000000C         MemManage_Handler
                               PROC
  188 0000000C                 EXPORT           MemManage_Handler          [WEA
K]
  189 0000000C E7FE            B                .
  190 0000000E                 ENDP
  192 0000000E         BusFault_Handler
                               PROC
  193 0000000E                 EXPORT           BusFault_Handler           [WEA
K]
  194 0000000E E7FE            B                .
  195 00000010                 ENDP
  197 00000010         UsageFault_Handler
                               PROC
  198 00000010                 EXPORT           UsageFault_Handler         [WEA
K]
  199 00000010 E7FE            B                .
  200 00000012                 ENDP
  201 00000012         SVC_Handler
                               PROC
  202 00000012                 EXPORT           SVC_Handler                [WEA
K]
  203 00000012 E7FE            B                .
  204 00000014                 ENDP
  206 00000014         DebugMon_Handler
                               PROC
  207 00000014                 EXPORT           DebugMon_Handler           [WEA
K]
  208 00000014 E7FE            B                .
  209 00000016                 ENDP
  210 00000016         PendSV_Handler
                               PROC



ARM Macro Assembler    Page 9 


  211 00000016                 EXPORT           PendSV_Handler             [WEA
K]
  212 00000016 E7FE            B                .
  213 00000018                 ENDP
  214 00000018         SysTick_Handler
                               PROC
  215 00000018                 EXPORT           SysTick_Handler            [WEA
K]
  216 00000018 E7FE            B                .
  217 0000001A                 ENDP
  218 0000001A         
  219 0000001A         Default_Handler
                               PROC
  220 0000001A         
  221 0000001A                 EXPORT           WWDG_IRQHandler                
   [WEAK]
  222 0000001A                 EXPORT           PVD_IRQHandler                 
   [WEAK]
  223 0000001A                 EXPORT           TAMP_STAMP_IRQHandler          
   [WEAK]
  224 0000001A                 EXPORT           RTC_WKUP_IRQHandler            
   [WEAK]
  225 0000001A                 EXPORT           FLASH_IRQHandler               
   [WEAK]
  226 0000001A                 EXPORT           RCC_IRQHandler                 
   [WEAK]
  227 0000001A                 EXPORT           EXTI0_IRQHandler               
   [WEAK]
  228 0000001A                 EXPORT           EXTI1_IRQHandler               
   [WEAK]
  229 0000001A                 EXPORT           EXTI2_IRQHandler               
   [WEAK]
  230 0000001A                 EXPORT           EXTI3_IRQHandler               
   [WEAK]
  231 0000001A                 EXPORT           EXTI4_IRQHandler               
   [WEAK]
  232 0000001A                 EXPORT           DMA1_Stream0_IRQHandler        
   [WEAK]
  233 0000001A                 EXPORT           DMA1_Stream1_IRQHandler        
   [WEAK]
  234 0000001A                 EXPORT           DMA1_Stream2_IRQHandler        
   [WEAK]
  235 0000001A                 EXPORT           DMA1_Stream3_IRQHandler        
   [WEAK]
  236 0000001A                 EXPORT           DMA1_Stream4_IRQHandler        
   [WEAK]
  237 0000001A                 EXPORT           DMA1_Stream5_IRQHandler        
   [WEAK]
  238 0000001A                 EXPORT           DMA1_Stream6_IRQHandler        
   [WEAK]
  239 0000001A                 EXPORT           ADC_IRQHandler                 
   [WEAK]
  240 0000001A                 EXPORT           CAN1_TX_IRQHandler             
   [WEAK]
  241 0000001A                 EXPORT           CAN1_RX0_IRQHandler            
   [WEAK]
  242 0000001A                 EXPORT           CAN1_RX1_IRQHandler            
   [WEAK]
  243 0000001A                 EXPORT           CAN1_SCE_IRQHandler            



ARM Macro Assembler    Page 10 


   [WEAK]
  244 0000001A                 EXPORT           EXTI9_5_IRQHandler             
   [WEAK]
  245 0000001A                 EXPORT           TIM1_BRK_TIM9_IRQHandler       
   [WEAK]
  246 0000001A                 EXPORT           TIM1_UP_TIM10_IRQHandler       
   [WEAK]
  247 0000001A                 EXPORT           TIM1_TRG_COM_TIM11_IRQHandler  
   [WEAK]
  248 0000001A                 EXPORT           TIM1_CC_IRQHandler             
   [WEAK]
  249 0000001A                 EXPORT           TIM2_IRQHandler                
   [WEAK]
  250 0000001A                 EXPORT           TIM3_IRQHandler                
   [WEAK]
  251 0000001A                 EXPORT           TIM4_IRQHandler                
   [WEAK]
  252 0000001A                 EXPORT           I2C1_EV_IRQHandler             
   [WEAK]
  253 0000001A                 EXPORT           I2C1_ER_IRQHandler             
   [WEAK]
  254 0000001A                 EXPORT           I2C2_EV_IRQHandler             
   [WEAK]
  255 0000001A                 EXPORT           I2C2_ER_IRQHandler             
   [WEAK]
  256 0000001A                 EXPORT           SPI1_IRQHandler                
   [WEAK]
  257 0000001A                 EXPORT           SPI2_IRQHandler                
   [WEAK]
  258 0000001A                 EXPORT           USART1_IRQHandler              
   [WEAK]
  259 0000001A                 EXPORT           USART2_IRQHandler              
   [WEAK]
  260 0000001A                 EXPORT           USART3_IRQHandler              
   [WEAK]
  261 0000001A                 EXPORT           EXTI15_10_IRQHandler           
   [WEAK]
  262 0000001A                 EXPORT           RTC_Alarm_IRQHandler           
   [WEAK]
  263 0000001A                 EXPORT           OTG_FS_WKUP_IRQHandler         
   [WEAK]
  264 0000001A                 EXPORT           TIM8_BRK_TIM12_IRQHandler      
   [WEAK]
  265 0000001A                 EXPORT           TIM8_UP_TIM13_IRQHandler       
   [WEAK]
  266 0000001A                 EXPORT           TIM8_TRG_COM_TIM14_IRQHandler  
   [WEAK]
  267 0000001A                 EXPORT           TIM8_CC_IRQHandler             
   [WEAK]
  268 0000001A                 EXPORT           DMA1_Stream7_IRQHandler        
   [WEAK]
  269 0000001A                 EXPORT           FSMC_IRQHandler                
   [WEAK]
  270 0000001A                 EXPORT           SDIO_IRQHandler                
   [WEAK]
  271 0000001A                 EXPORT           TIM5_IRQHandler                
   [WEAK]
  272 0000001A                 EXPORT           SPI3_IRQHandler                
   [WEAK]



ARM Macro Assembler    Page 11 


  273 0000001A                 EXPORT           UART4_IRQHandler               
   [WEAK]
  274 0000001A                 EXPORT           UART5_IRQHandler               
   [WEAK]
  275 0000001A                 EXPORT           TIM6_DAC_IRQHandler            
   [WEAK]
  276 0000001A                 EXPORT           TIM7_IRQHandler                
   [WEAK]
  277 0000001A                 EXPORT           DMA2_Stream0_IRQHandler        
   [WEAK]
  278 0000001A                 EXPORT           DMA2_Stream1_IRQHandler        
   [WEAK]
  279 0000001A                 EXPORT           DMA2_Stream2_IRQHandler        
   [WEAK]
  280 0000001A                 EXPORT           DMA2_Stream3_IRQHandler        
   [WEAK]
  281 0000001A                 EXPORT           DMA2_Stream4_IRQHandler        
   [WEAK]
  282 0000001A                 EXPORT           ETH_IRQHandler                 
   [WEAK]
  283 0000001A                 EXPORT           ETH_WKUP_IRQHandler            
   [WEAK]
  284 0000001A                 EXPORT           CAN2_TX_IRQHandler             
   [WEAK]
  285 0000001A                 EXPORT           CAN2_RX0_IRQHandler            
   [WEAK]
  286 0000001A                 EXPORT           CAN2_RX1_IRQHandler            
   [WEAK]
  287 0000001A                 EXPORT           CAN2_SCE_IRQHandler            
   [WEAK]
  288 0000001A                 EXPORT           OTG_FS_IRQHandler              
   [WEAK]
  289 0000001A                 EXPORT           DMA2_Stream5_IRQHandler        
   [WEAK]
  290 0000001A                 EXPORT           DMA2_Stream6_IRQHandler        
   [WEAK]
  291 0000001A                 EXPORT           DMA2_Stream7_IRQHandler        
   [WEAK]
  292 0000001A                 EXPORT           USART6_IRQHandler              
   [WEAK]
  293 0000001A                 EXPORT           I2C3_EV_IRQHandler             
   [WEAK]
  294 0000001A                 EXPORT           I2C3_ER_IRQHandler             
   [WEAK]
  295 0000001A                 EXPORT           OTG_HS_EP1_OUT_IRQHandler      
   [WEAK]
  296 0000001A                 EXPORT           OTG_HS_EP1_IN_IRQHandler       
   [WEAK]
  297 0000001A                 EXPORT           OTG_HS_WKUP_IRQHandler         
   [WEAK]
  298 0000001A                 EXPORT           OTG_HS_IRQHandler              
   [WEAK]
  299 0000001A                 EXPORT           DCMI_IRQHandler                
   [WEAK]
  300 0000001A                 EXPORT           CRYP_IRQHandler                
   [WEAK]
  301 0000001A                 EXPORT           HASH_RNG_IRQHandler            
   [WEAK]
  302 0000001A         



ARM Macro Assembler    Page 12 


  303 0000001A         WWDG_IRQHandler
  304 0000001A         PVD_IRQHandler
  305 0000001A         TAMP_STAMP_IRQHandler
  306 0000001A         RTC_WKUP_IRQHandler
  307 0000001A         FLASH_IRQHandler
  308 0000001A         RCC_IRQHandler
  309 0000001A         EXTI0_IRQHandler
  310 0000001A         EXTI1_IRQHandler
  311 0000001A         EXTI2_IRQHandler
  312 0000001A         EXTI3_IRQHandler
  313 0000001A         EXTI4_IRQHandler
  314 0000001A         DMA1_Stream0_IRQHandler
  315 0000001A         DMA1_Stream1_IRQHandler
  316 0000001A         DMA1_Stream2_IRQHandler
  317 0000001A         DMA1_Stream3_IRQHandler
  318 0000001A         DMA1_Stream4_IRQHandler
  319 0000001A         DMA1_Stream5_IRQHandler
  320 0000001A         DMA1_Stream6_IRQHandler
  321 0000001A         ADC_IRQHandler
  322 0000001A         CAN1_TX_IRQHandler
  323 0000001A         CAN1_RX0_IRQHandler
  324 0000001A         CAN1_RX1_IRQHandler
  325 0000001A         CAN1_SCE_IRQHandler
  326 0000001A         EXTI9_5_IRQHandler
  327 0000001A         TIM1_BRK_TIM9_IRQHandler
  328 0000001A         TIM1_UP_TIM10_IRQHandler
  329 0000001A         TIM1_TRG_COM_TIM11_IRQHandler
  330 0000001A         TIM1_CC_IRQHandler
  331 0000001A         TIM2_IRQHandler
  332 0000001A         TIM3_IRQHandler
  333 0000001A         TIM4_IRQHandler
  334 0000001A         I2C1_EV_IRQHandler
  335 0000001A         I2C1_ER_IRQHandler
  336 0000001A         I2C2_EV_IRQHandler
  337 0000001A         I2C2_ER_IRQHandler
  338 0000001A         SPI1_IRQHandler
  339 0000001A         SPI2_IRQHandler
  340 0000001A         USART1_IRQHandler
  341 0000001A         USART2_IRQHandler
  342 0000001A         USART3_IRQHandler
  343 0000001A         EXTI15_10_IRQHandler
  344 0000001A         RTC_Alarm_IRQHandler
  345 0000001A         OTG_FS_WKUP_IRQHandler
  346 0000001A         TIM8_BRK_TIM12_IRQHandler
  347 0000001A         TIM8_UP_TIM13_IRQHandler
  348 0000001A         TIM8_TRG_COM_TIM14_IRQHandler
  349 0000001A         TIM8_CC_IRQHandler
  350 0000001A         DMA1_Stream7_IRQHandler
  351 0000001A         FSMC_IRQHandler
  352 0000001A         SDIO_IRQHandler
  353 0000001A         TIM5_IRQHandler
  354 0000001A         SPI3_IRQHandler
  355 0000001A         UART4_IRQHandler
  356 0000001A         UART5_IRQHandler
  357 0000001A         TIM6_DAC_IRQHandler
  358 0000001A         TIM7_IRQHandler
  359 0000001A         DMA2_Stream0_IRQHandler
  360 0000001A         DMA2_Stream1_IRQHandler
  361 0000001A         DMA2_Stream2_IRQHandler



ARM Macro Assembler    Page 13 


  362 0000001A         DMA2_Stream3_IRQHandler
  363 0000001A         DMA2_Stream4_IRQHandler
  364 0000001A         ETH_IRQHandler
  365 0000001A         ETH_WKUP_IRQHandler
  366 0000001A         CAN2_TX_IRQHandler
  367 0000001A         CAN2_RX0_IRQHandler
  368 0000001A         CAN2_RX1_IRQHandler
  369 0000001A         CAN2_SCE_IRQHandler
  370 0000001A         OTG_FS_IRQHandler
  371 0000001A         DMA2_Stream5_IRQHandler
  372 0000001A         DMA2_Stream6_IRQHandler
  373 0000001A         DMA2_Stream7_IRQHandler
  374 0000001A         USART6_IRQHandler
  375 0000001A         I2C3_EV_IRQHandler
  376 0000001A         I2C3_ER_IRQHandler
  377 0000001A         OTG_HS_EP1_OUT_IRQHandler
  378 0000001A         OTG_HS_EP1_IN_IRQHandler
  379 0000001A         OTG_HS_WKUP_IRQHandler
  380 0000001A         OTG_HS_IRQHandler
  381 0000001A         DCMI_IRQHandler
  382 0000001A         CRYP_IRQHandler
  383 0000001A         HASH_RNG_IRQHandler
  384 0000001A         
  385 0000001A E7FE            B                .
  386 0000001C         
  387 0000001C                 ENDP
  388 0000001C         
  389 0000001C                 ALIGN
  390 0000001C         
  391 0000001C         ;*******************************************************
                       ************************
  392 0000001C         ; User Stack and Heap initialization
  393 0000001C         ;*******************************************************
                       ************************
  394 0000001C                 IF               :DEF:__MICROLIB
  401 0000001C         
  402 0000001C                 IMPORT           __use_two_region_memory
  403 0000001C                 EXPORT           __user_initial_stackheap
  404 0000001C         
  405 0000001C         __user_initial_stackheap
  406 0000001C         
  407 0000001C 4804            LDR              R0, =  Heap_Mem
  408 0000001E 4905            LDR              R1, =(Stack_Mem + Stack_Size)
  409 00000020 4A05            LDR              R2, = (Heap_Mem +  Heap_Size)
  410 00000022 4B06            LDR              R3, = Stack_Mem
  411 00000024 4770            BX               LR
  412 00000026         
  413 00000026 00 00           ALIGN
  414 00000028         
  415 00000028                 ENDIF
  416 00000028         
  417 00000028                 END
              00000000 
              00000000 
              00000000 
              00000400 
              00000200 
              00000000 
Command Line: --debug --xref --cpu=Cortex-M3 --apcs=interwork --depend=.\out\st



ARM Macro Assembler    Page 14 


artup_stm32f2xx.d -o.\out\startup_stm32f2xx.o -IC:\Keil\ARM\RV31\INC -IC:\Keil\
ARM\CMSIS\Include -IC:\Keil\ARM\Inc\ST\STM32F2xx --list=.\startup_stm32f2xx.lst
 StdLib\CMSIS\STM32F2xx\startup\arm\startup_stm32f2xx.s



ARM Macro Assembler    Page 1 Alphabetic symbol ordering
Relocatable symbols

STACK 00000000

Symbol: STACK
   Definitions
      At line 33 in file StdLib\CMSIS\STM32F2xx\startup\arm\startup_stm32f2xx.s
   Uses
      None
Comment: STACK unused
Stack_Mem 00000000

Symbol: Stack_Mem
   Definitions
      At line 34 in file StdLib\CMSIS\STM32F2xx\startup\arm\startup_stm32f2xx.s
   Uses
      At line 408 in file StdLib\CMSIS\STM32F2xx\startup\arm\startup_stm32f2xx.
s
      At line 410 in file StdLib\CMSIS\STM32F2xx\startup\arm\startup_stm32f2xx.
s

__initial_sp 00000400

Symbol: __initial_sp
   Definitions
      At line 35 in file StdLib\CMSIS\STM32F2xx\startup\arm\startup_stm32f2xx.s
   Uses
      At line 59 in file StdLib\CMSIS\STM32F2xx\startup\arm\startup_stm32f2xx.s
Comment: __initial_sp used once
3 symbols



ARM Macro Assembler    Page 1 Alphabetic symbol ordering
Relocatable symbols

HEAP 00000000

Symbol: HEAP
   Definitions
      At line 44 in file StdLib\CMSIS\STM32F2xx\startup\arm\startup_stm32f2xx.s
   Uses
      None
Comment: HEAP unused
Heap_Mem 00000000

Symbol: Heap_Mem
   Definitions
      At line 46 in file StdLib\CMSIS\STM32F2xx\startup\arm\startup_stm32f2xx.s
   Uses
      At line 407 in file StdLib\CMSIS\STM32F2xx\startup\arm\startup_stm32f2xx.
s
      At line 409 in file StdLib\CMSIS\STM32F2xx\startup\arm\startup_stm32f2xx.
s

__heap_base 00000000

Symbol: __heap_base
   Definitions
      At line 45 in file StdLib\CMSIS\STM32F2xx\startup\arm\startup_stm32f2xx.s
   Uses
      None
Comment: __heap_base unused
__heap_limit 00000200

Symbol: __heap_limit
   Definitions
      At line 47 in file StdLib\CMSIS\STM32F2xx\startup\arm\startup_stm32f2xx.s
   Uses
      None
Comment: __heap_limit unused
4 symbols



ARM Macro Assembler    Page 1 Alphabetic symbol ordering
Relocatable symbols

RESET 00000000

Symbol: RESET
   Definitions
      At line 54 in file StdLib\CMSIS\STM32F2xx\startup\arm\startup_stm32f2xx.s
   Uses
      None
Comment: RESET unused
__Vectors 00000000

Symbol: __Vectors
   Definitions
      At line 59 in file StdLib\CMSIS\STM32F2xx\startup\arm\startup_stm32f2xx.s
   Uses
      At line 55 in file StdLib\CMSIS\STM32F2xx\startup\arm\startup_stm32f2xx.s
      At line 160 in file StdLib\CMSIS\STM32F2xx\startup\arm\startup_stm32f2xx.
s

__Vectors_End 00000184

Symbol: __Vectors_End
   Definitions
      At line 158 in file StdLib\CMSIS\STM32F2xx\startup\arm\startup_stm32f2xx.
s
   Uses
      At line 56 in file StdLib\CMSIS\STM32F2xx\startup\arm\startup_stm32f2xx.s
      At line 160 in file StdLib\CMSIS\STM32F2xx\startup\arm\startup_stm32f2xx.
s

3 symbols



ARM Macro Assembler    Page 1 Alphabetic symbol ordering
Relocatable symbols

.text 00000000

Symbol: .text
   Definitions
      At line 162 in file StdLib\CMSIS\STM32F2xx\startup\arm\startup_stm32f2xx.
s
   Uses
      None
Comment: .text unused
ADC_IRQHandler 0000001A

Symbol: ADC_IRQHandler
   Definitions
      At line 321 in file StdLib\CMSIS\STM32F2xx\startup\arm\startup_stm32f2xx.
s
   Uses
      At line 95 in file StdLib\CMSIS\STM32F2xx\startup\arm\startup_stm32f2xx.s
      At line 239 in file StdLib\CMSIS\STM32F2xx\startup\arm\startup_stm32f2xx.
s

BusFault_Handler 0000000E

Symbol: BusFault_Handler
   Definitions
      At line 192 in file StdLib\CMSIS\STM32F2xx\startup\arm\startup_stm32f2xx.
s
   Uses
      At line 64 in file StdLib\CMSIS\STM32F2xx\startup\arm\startup_stm32f2xx.s
      At line 193 in file StdLib\CMSIS\STM32F2xx\startup\arm\startup_stm32f2xx.
s

CAN1_RX0_IRQHandler 0000001A

Symbol: CAN1_RX0_IRQHandler
   Definitions
      At line 323 in file StdLib\CMSIS\STM32F2xx\startup\arm\startup_stm32f2xx.
s
   Uses
      At line 97 in file StdLib\CMSIS\STM32F2xx\startup\arm\startup_stm32f2xx.s
      At line 241 in file StdLib\CMSIS\STM32F2xx\startup\arm\startup_stm32f2xx.
s

CAN1_RX1_IRQHandler 0000001A

Symbol: CAN1_RX1_IRQHandler
   Definitions
      At line 324 in file StdLib\CMSIS\STM32F2xx\startup\arm\startup_stm32f2xx.
s
   Uses
      At line 98 in file StdLib\CMSIS\STM32F2xx\startup\arm\startup_stm32f2xx.s
      At line 242 in file StdLib\CMSIS\STM32F2xx\startup\arm\startup_stm32f2xx.
s

CAN1_SCE_IRQHandler 0000001A

Symbol: CAN1_SCE_IRQHandler
   Definitions
      At line 325 in file StdLib\CMSIS\STM32F2xx\startup\arm\startup_stm32f2xx.
s



ARM Macro Assembler    Page 2 Alphabetic symbol ordering
Relocatable symbols

   Uses
      At line 99 in file StdLib\CMSIS\STM32F2xx\startup\arm\startup_stm32f2xx.s
      At line 243 in file StdLib\CMSIS\STM32F2xx\startup\arm\startup_stm32f2xx.
s

CAN1_TX_IRQHandler 0000001A

Symbol: CAN1_TX_IRQHandler
   Definitions
      At line 322 in file StdLib\CMSIS\STM32F2xx\startup\arm\startup_stm32f2xx.
s
   Uses
      At line 96 in file StdLib\CMSIS\STM32F2xx\startup\arm\startup_stm32f2xx.s
      At line 240 in file StdLib\CMSIS\STM32F2xx\startup\arm\startup_stm32f2xx.
s

CAN2_RX0_IRQHandler 0000001A

Symbol: CAN2_RX0_IRQHandler
   Definitions
      At line 367 in file StdLib\CMSIS\STM32F2xx\startup\arm\startup_stm32f2xx.
s
   Uses
      At line 141 in file StdLib\CMSIS\STM32F2xx\startup\arm\startup_stm32f2xx.
s
      At line 285 in file StdLib\CMSIS\STM32F2xx\startup\arm\startup_stm32f2xx.
s

CAN2_RX1_IRQHandler 0000001A

Symbol: CAN2_RX1_IRQHandler
   Definitions
      At line 368 in file StdLib\CMSIS\STM32F2xx\startup\arm\startup_stm32f2xx.
s
   Uses
      At line 142 in file StdLib\CMSIS\STM32F2xx\startup\arm\startup_stm32f2xx.
s
      At line 286 in file StdLib\CMSIS\STM32F2xx\startup\arm\startup_stm32f2xx.
s

CAN2_SCE_IRQHandler 0000001A

Symbol: CAN2_SCE_IRQHandler
   Definitions
      At line 369 in file StdLib\CMSIS\STM32F2xx\startup\arm\startup_stm32f2xx.
s
   Uses
      At line 143 in file StdLib\CMSIS\STM32F2xx\startup\arm\startup_stm32f2xx.
s
      At line 287 in file StdLib\CMSIS\STM32F2xx\startup\arm\startup_stm32f2xx.
s

CAN2_TX_IRQHandler 0000001A

Symbol: CAN2_TX_IRQHandler
   Definitions
      At line 366 in file StdLib\CMSIS\STM32F2xx\startup\arm\startup_stm32f2xx.
s
   Uses



ARM Macro Assembler    Page 3 Alphabetic symbol ordering
Relocatable symbols

      At line 140 in file StdLib\CMSIS\STM32F2xx\startup\arm\startup_stm32f2xx.
s
      At line 284 in file StdLib\CMSIS\STM32F2xx\startup\arm\startup_stm32f2xx.
s

CRYP_IRQHandler 0000001A

Symbol: CRYP_IRQHandler
   Definitions
      At line 382 in file StdLib\CMSIS\STM32F2xx\startup\arm\startup_stm32f2xx.
s
   Uses
      At line 156 in file StdLib\CMSIS\STM32F2xx\startup\arm\startup_stm32f2xx.
s
      At line 300 in file StdLib\CMSIS\STM32F2xx\startup\arm\startup_stm32f2xx.
s

DCMI_IRQHandler 0000001A

Symbol: DCMI_IRQHandler
   Definitions
      At line 381 in file StdLib\CMSIS\STM32F2xx\startup\arm\startup_stm32f2xx.
s
   Uses
      At line 155 in file StdLib\CMSIS\STM32F2xx\startup\arm\startup_stm32f2xx.
s
      At line 299 in file StdLib\CMSIS\STM32F2xx\startup\arm\startup_stm32f2xx.
s

DMA1_Stream0_IRQHandler 0000001A

Symbol: DMA1_Stream0_IRQHandler
   Definitions
      At line 314 in file StdLib\CMSIS\STM32F2xx\startup\arm\startup_stm32f2xx.
s
   Uses
      At line 88 in file StdLib\CMSIS\STM32F2xx\startup\arm\startup_stm32f2xx.s
      At line 232 in file StdLib\CMSIS\STM32F2xx\startup\arm\startup_stm32f2xx.
s

DMA1_Stream1_IRQHandler 0000001A

Symbol: DMA1_Stream1_IRQHandler
   Definitions
      At line 315 in file StdLib\CMSIS\STM32F2xx\startup\arm\startup_stm32f2xx.
s
   Uses
      At line 89 in file StdLib\CMSIS\STM32F2xx\startup\arm\startup_stm32f2xx.s
      At line 233 in file StdLib\CMSIS\STM32F2xx\startup\arm\startup_stm32f2xx.
s

DMA1_Stream2_IRQHandler 0000001A

Symbol: DMA1_Stream2_IRQHandler
   Definitions
      At line 316 in file StdLib\CMSIS\STM32F2xx\startup\arm\startup_stm32f2xx.
s
   Uses
      At line 90 in file StdLib\CMSIS\STM32F2xx\startup\arm\startup_stm32f2xx.s



ARM Macro Assembler    Page 4 Alphabetic symbol ordering
Relocatable symbols

      At line 234 in file StdLib\CMSIS\STM32F2xx\startup\arm\startup_stm32f2xx.
s

DMA1_Stream3_IRQHandler 0000001A

Symbol: DMA1_Stream3_IRQHandler
   Definitions
      At line 317 in file StdLib\CMSIS\STM32F2xx\startup\arm\startup_stm32f2xx.
s
   Uses
      At line 91 in file StdLib\CMSIS\STM32F2xx\startup\arm\startup_stm32f2xx.s
      At line 235 in file StdLib\CMSIS\STM32F2xx\startup\arm\startup_stm32f2xx.
s

DMA1_Stream4_IRQHandler 0000001A

Symbol: DMA1_Stream4_IRQHandler
   Definitions
      At line 318 in file StdLib\CMSIS\STM32F2xx\startup\arm\startup_stm32f2xx.
s
   Uses
      At line 92 in file StdLib\CMSIS\STM32F2xx\startup\arm\startup_stm32f2xx.s
      At line 236 in file StdLib\CMSIS\STM32F2xx\startup\arm\startup_stm32f2xx.
s

DMA1_Stream5_IRQHandler 0000001A

Symbol: DMA1_Stream5_IRQHandler
   Definitions
      At line 319 in file StdLib\CMSIS\STM32F2xx\startup\arm\startup_stm32f2xx.
s
   Uses
      At line 93 in file StdLib\CMSIS\STM32F2xx\startup\arm\startup_stm32f2xx.s
      At line 237 in file StdLib\CMSIS\STM32F2xx\startup\arm\startup_stm32f2xx.
s

DMA1_Stream6_IRQHandler 0000001A

Symbol: DMA1_Stream6_IRQHandler
   Definitions
      At line 320 in file StdLib\CMSIS\STM32F2xx\startup\arm\startup_stm32f2xx.
s
   Uses
      At line 94 in file StdLib\CMSIS\STM32F2xx\startup\arm\startup_stm32f2xx.s
      At line 238 in file StdLib\CMSIS\STM32F2xx\startup\arm\startup_stm32f2xx.
s

DMA1_Stream7_IRQHandler 0000001A

Symbol: DMA1_Stream7_IRQHandler
   Definitions
      At line 350 in file StdLib\CMSIS\STM32F2xx\startup\arm\startup_stm32f2xx.
s
   Uses
      At line 124 in file StdLib\CMSIS\STM32F2xx\startup\arm\startup_stm32f2xx.
s
      At line 268 in file StdLib\CMSIS\STM32F2xx\startup\arm\startup_stm32f2xx.
s




ARM Macro Assembler    Page 5 Alphabetic symbol ordering
Relocatable symbols

DMA2_Stream0_IRQHandler 0000001A

Symbol: DMA2_Stream0_IRQHandler
   Definitions
      At line 359 in file StdLib\CMSIS\STM32F2xx\startup\arm\startup_stm32f2xx.
s
   Uses
      At line 133 in file StdLib\CMSIS\STM32F2xx\startup\arm\startup_stm32f2xx.
s
      At line 277 in file StdLib\CMSIS\STM32F2xx\startup\arm\startup_stm32f2xx.
s

DMA2_Stream1_IRQHandler 0000001A

Symbol: DMA2_Stream1_IRQHandler
   Definitions
      At line 360 in file StdLib\CMSIS\STM32F2xx\startup\arm\startup_stm32f2xx.
s
   Uses
      At line 134 in file StdLib\CMSIS\STM32F2xx\startup\arm\startup_stm32f2xx.
s
      At line 278 in file StdLib\CMSIS\STM32F2xx\startup\arm\startup_stm32f2xx.
s

DMA2_Stream2_IRQHandler 0000001A

Symbol: DMA2_Stream2_IRQHandler
   Definitions
      At line 361 in file StdLib\CMSIS\STM32F2xx\startup\arm\startup_stm32f2xx.
s
   Uses
      At line 135 in file StdLib\CMSIS\STM32F2xx\startup\arm\startup_stm32f2xx.
s
      At line 279 in file StdLib\CMSIS\STM32F2xx\startup\arm\startup_stm32f2xx.
s

DMA2_Stream3_IRQHandler 0000001A

Symbol: DMA2_Stream3_IRQHandler
   Definitions
      At line 362 in file StdLib\CMSIS\STM32F2xx\startup\arm\startup_stm32f2xx.
s
   Uses
      At line 136 in file StdLib\CMSIS\STM32F2xx\startup\arm\startup_stm32f2xx.
s
      At line 280 in file StdLib\CMSIS\STM32F2xx\startup\arm\startup_stm32f2xx.
s

DMA2_Stream4_IRQHandler 0000001A

Symbol: DMA2_Stream4_IRQHandler
   Definitions
      At line 363 in file StdLib\CMSIS\STM32F2xx\startup\arm\startup_stm32f2xx.
s
   Uses
      At line 137 in file StdLib\CMSIS\STM32F2xx\startup\arm\startup_stm32f2xx.
s
      At line 281 in file StdLib\CMSIS\STM32F2xx\startup\arm\startup_stm32f2xx.
s



ARM Macro Assembler    Page 6 Alphabetic symbol ordering
Relocatable symbols


DMA2_Stream5_IRQHandler 0000001A

Symbol: DMA2_Stream5_IRQHandler
   Definitions
      At line 371 in file StdLib\CMSIS\STM32F2xx\startup\arm\startup_stm32f2xx.
s
   Uses
      At line 145 in file StdLib\CMSIS\STM32F2xx\startup\arm\startup_stm32f2xx.
s
      At line 289 in file StdLib\CMSIS\STM32F2xx\startup\arm\startup_stm32f2xx.
s

DMA2_Stream6_IRQHandler 0000001A

Symbol: DMA2_Stream6_IRQHandler
   Definitions
      At line 372 in file StdLib\CMSIS\STM32F2xx\startup\arm\startup_stm32f2xx.
s
   Uses
      At line 146 in file StdLib\CMSIS\STM32F2xx\startup\arm\startup_stm32f2xx.
s
      At line 290 in file StdLib\CMSIS\STM32F2xx\startup\arm\startup_stm32f2xx.
s

DMA2_Stream7_IRQHandler 0000001A

Symbol: DMA2_Stream7_IRQHandler
   Definitions
      At line 373 in file StdLib\CMSIS\STM32F2xx\startup\arm\startup_stm32f2xx.
s
   Uses
      At line 147 in file StdLib\CMSIS\STM32F2xx\startup\arm\startup_stm32f2xx.
s
      At line 291 in file StdLib\CMSIS\STM32F2xx\startup\arm\startup_stm32f2xx.
s

DebugMon_Handler 00000014

Symbol: DebugMon_Handler
   Definitions
      At line 206 in file StdLib\CMSIS\STM32F2xx\startup\arm\startup_stm32f2xx.
s
   Uses
      At line 71 in file StdLib\CMSIS\STM32F2xx\startup\arm\startup_stm32f2xx.s
      At line 207 in file StdLib\CMSIS\STM32F2xx\startup\arm\startup_stm32f2xx.
s

Default_Handler 0000001A

Symbol: Default_Handler
   Definitions
      At line 219 in file StdLib\CMSIS\STM32F2xx\startup\arm\startup_stm32f2xx.
s
   Uses
      None
Comment: Default_Handler unused
ETH_IRQHandler 0000001A




ARM Macro Assembler    Page 7 Alphabetic symbol ordering
Relocatable symbols

Symbol: ETH_IRQHandler
   Definitions
      At line 364 in file StdLib\CMSIS\STM32F2xx\startup\arm\startup_stm32f2xx.
s
   Uses
      At line 138 in file StdLib\CMSIS\STM32F2xx\startup\arm\startup_stm32f2xx.
s
      At line 282 in file StdLib\CMSIS\STM32F2xx\startup\arm\startup_stm32f2xx.
s

ETH_WKUP_IRQHandler 0000001A

Symbol: ETH_WKUP_IRQHandler
   Definitions
      At line 365 in file StdLib\CMSIS\STM32F2xx\startup\arm\startup_stm32f2xx.
s
   Uses
      At line 139 in file StdLib\CMSIS\STM32F2xx\startup\arm\startup_stm32f2xx.
s
      At line 283 in file StdLib\CMSIS\STM32F2xx\startup\arm\startup_stm32f2xx.
s

EXTI0_IRQHandler 0000001A

Symbol: EXTI0_IRQHandler
   Definitions
      At line 309 in file StdLib\CMSIS\STM32F2xx\startup\arm\startup_stm32f2xx.
s
   Uses
      At line 83 in file StdLib\CMSIS\STM32F2xx\startup\arm\startup_stm32f2xx.s
      At line 227 in file StdLib\CMSIS\STM32F2xx\startup\arm\startup_stm32f2xx.
s

EXTI15_10_IRQHandler 0000001A

Symbol: EXTI15_10_IRQHandler
   Definitions
      At line 343 in file StdLib\CMSIS\STM32F2xx\startup\arm\startup_stm32f2xx.
s
   Uses
      At line 117 in file StdLib\CMSIS\STM32F2xx\startup\arm\startup_stm32f2xx.
s
      At line 261 in file StdLib\CMSIS\STM32F2xx\startup\arm\startup_stm32f2xx.
s

EXTI1_IRQHandler 0000001A

Symbol: EXTI1_IRQHandler
   Definitions
      At line 310 in file StdLib\CMSIS\STM32F2xx\startup\arm\startup_stm32f2xx.
s
   Uses
      At line 84 in file StdLib\CMSIS\STM32F2xx\startup\arm\startup_stm32f2xx.s
      At line 228 in file StdLib\CMSIS\STM32F2xx\startup\arm\startup_stm32f2xx.
s

EXTI2_IRQHandler 0000001A

Symbol: EXTI2_IRQHandler



ARM Macro Assembler    Page 8 Alphabetic symbol ordering
Relocatable symbols

   Definitions
      At line 311 in file StdLib\CMSIS\STM32F2xx\startup\arm\startup_stm32f2xx.
s
   Uses
      At line 85 in file StdLib\CMSIS\STM32F2xx\startup\arm\startup_stm32f2xx.s
      At line 229 in file StdLib\CMSIS\STM32F2xx\startup\arm\startup_stm32f2xx.
s

EXTI3_IRQHandler 0000001A

Symbol: EXTI3_IRQHandler
   Definitions
      At line 312 in file StdLib\CMSIS\STM32F2xx\startup\arm\startup_stm32f2xx.
s
   Uses
      At line 86 in file StdLib\CMSIS\STM32F2xx\startup\arm\startup_stm32f2xx.s
      At line 230 in file StdLib\CMSIS\STM32F2xx\startup\arm\startup_stm32f2xx.
s

EXTI4_IRQHandler 0000001A

Symbol: EXTI4_IRQHandler
   Definitions
      At line 313 in file StdLib\CMSIS\STM32F2xx\startup\arm\startup_stm32f2xx.
s
   Uses
      At line 87 in file StdLib\CMSIS\STM32F2xx\startup\arm\startup_stm32f2xx.s
      At line 231 in file StdLib\CMSIS\STM32F2xx\startup\arm\startup_stm32f2xx.
s

EXTI9_5_IRQHandler 0000001A

Symbol: EXTI9_5_IRQHandler
   Definitions
      At line 326 in file StdLib\CMSIS\STM32F2xx\startup\arm\startup_stm32f2xx.
s
   Uses
      At line 100 in file StdLib\CMSIS\STM32F2xx\startup\arm\startup_stm32f2xx.
s
      At line 244 in file StdLib\CMSIS\STM32F2xx\startup\arm\startup_stm32f2xx.
s

FLASH_IRQHandler 0000001A

Symbol: FLASH_IRQHandler
   Definitions
      At line 307 in file StdLib\CMSIS\STM32F2xx\startup\arm\startup_stm32f2xx.
s
   Uses
      At line 81 in file StdLib\CMSIS\STM32F2xx\startup\arm\startup_stm32f2xx.s
      At line 225 in file StdLib\CMSIS\STM32F2xx\startup\arm\startup_stm32f2xx.
s

FSMC_IRQHandler 0000001A

Symbol: FSMC_IRQHandler
   Definitions
      At line 351 in file StdLib\CMSIS\STM32F2xx\startup\arm\startup_stm32f2xx.
s



ARM Macro Assembler    Page 9 Alphabetic symbol ordering
Relocatable symbols

   Uses
      At line 125 in file StdLib\CMSIS\STM32F2xx\startup\arm\startup_stm32f2xx.
s
      At line 269 in file StdLib\CMSIS\STM32F2xx\startup\arm\startup_stm32f2xx.
s

HASH_RNG_IRQHandler 0000001A

Symbol: HASH_RNG_IRQHandler
   Definitions
      At line 383 in file StdLib\CMSIS\STM32F2xx\startup\arm\startup_stm32f2xx.
s
   Uses
      At line 157 in file StdLib\CMSIS\STM32F2xx\startup\arm\startup_stm32f2xx.
s
      At line 301 in file StdLib\CMSIS\STM32F2xx\startup\arm\startup_stm32f2xx.
s

HardFault_Handler 0000000A

Symbol: HardFault_Handler
   Definitions
      At line 182 in file StdLib\CMSIS\STM32F2xx\startup\arm\startup_stm32f2xx.
s
   Uses
      At line 62 in file StdLib\CMSIS\STM32F2xx\startup\arm\startup_stm32f2xx.s
      At line 183 in file StdLib\CMSIS\STM32F2xx\startup\arm\startup_stm32f2xx.
s

I2C1_ER_IRQHandler 0000001A

Symbol: I2C1_ER_IRQHandler
   Definitions
      At line 335 in file StdLib\CMSIS\STM32F2xx\startup\arm\startup_stm32f2xx.
s
   Uses
      At line 109 in file StdLib\CMSIS\STM32F2xx\startup\arm\startup_stm32f2xx.
s
      At line 253 in file StdLib\CMSIS\STM32F2xx\startup\arm\startup_stm32f2xx.
s

I2C1_EV_IRQHandler 0000001A

Symbol: I2C1_EV_IRQHandler
   Definitions
      At line 334 in file StdLib\CMSIS\STM32F2xx\startup\arm\startup_stm32f2xx.
s
   Uses
      At line 108 in file StdLib\CMSIS\STM32F2xx\startup\arm\startup_stm32f2xx.
s
      At line 252 in file StdLib\CMSIS\STM32F2xx\startup\arm\startup_stm32f2xx.
s

I2C2_ER_IRQHandler 0000001A

Symbol: I2C2_ER_IRQHandler
   Definitions
      At line 337 in file StdLib\CMSIS\STM32F2xx\startup\arm\startup_stm32f2xx.
s



ARM Macro Assembler    Page 10 Alphabetic symbol ordering
Relocatable symbols

   Uses
      At line 111 in file StdLib\CMSIS\STM32F2xx\startup\arm\startup_stm32f2xx.
s
      At line 255 in file StdLib\CMSIS\STM32F2xx\startup\arm\startup_stm32f2xx.
s

I2C2_EV_IRQHandler 0000001A

Symbol: I2C2_EV_IRQHandler
   Definitions
      At line 336 in file StdLib\CMSIS\STM32F2xx\startup\arm\startup_stm32f2xx.
s
   Uses
      At line 110 in file StdLib\CMSIS\STM32F2xx\startup\arm\startup_stm32f2xx.
s
      At line 254 in file StdLib\CMSIS\STM32F2xx\startup\arm\startup_stm32f2xx.
s

I2C3_ER_IRQHandler 0000001A

Symbol: I2C3_ER_IRQHandler
   Definitions
      At line 376 in file StdLib\CMSIS\STM32F2xx\startup\arm\startup_stm32f2xx.
s
   Uses
      At line 150 in file StdLib\CMSIS\STM32F2xx\startup\arm\startup_stm32f2xx.
s
      At line 294 in file StdLib\CMSIS\STM32F2xx\startup\arm\startup_stm32f2xx.
s

I2C3_EV_IRQHandler 0000001A

Symbol: I2C3_EV_IRQHandler
   Definitions
      At line 375 in file StdLib\CMSIS\STM32F2xx\startup\arm\startup_stm32f2xx.
s
   Uses
      At line 149 in file StdLib\CMSIS\STM32F2xx\startup\arm\startup_stm32f2xx.
s
      At line 293 in file StdLib\CMSIS\STM32F2xx\startup\arm\startup_stm32f2xx.
s

MemManage_Handler 0000000C

Symbol: MemManage_Handler
   Definitions
      At line 187 in file StdLib\CMSIS\STM32F2xx\startup\arm\startup_stm32f2xx.
s
   Uses
      At line 63 in file StdLib\CMSIS\STM32F2xx\startup\arm\startup_stm32f2xx.s
      At line 188 in file StdLib\CMSIS\STM32F2xx\startup\arm\startup_stm32f2xx.
s

NMI_Handler 00000008

Symbol: NMI_Handler
   Definitions
      At line 177 in file StdLib\CMSIS\STM32F2xx\startup\arm\startup_stm32f2xx.
s



ARM Macro Assembler    Page 11 Alphabetic symbol ordering
Relocatable symbols

   Uses
      At line 61 in file StdLib\CMSIS\STM32F2xx\startup\arm\startup_stm32f2xx.s
      At line 178 in file StdLib\CMSIS\STM32F2xx\startup\arm\startup_stm32f2xx.
s

OTG_FS_IRQHandler 0000001A

Symbol: OTG_FS_IRQHandler
   Definitions
      At line 370 in file StdLib\CMSIS\STM32F2xx\startup\arm\startup_stm32f2xx.
s
   Uses
      At line 144 in file StdLib\CMSIS\STM32F2xx\startup\arm\startup_stm32f2xx.
s
      At line 288 in file StdLib\CMSIS\STM32F2xx\startup\arm\startup_stm32f2xx.
s

OTG_FS_WKUP_IRQHandler 0000001A

Symbol: OTG_FS_WKUP_IRQHandler
   Definitions
      At line 345 in file StdLib\CMSIS\STM32F2xx\startup\arm\startup_stm32f2xx.
s
   Uses
      At line 119 in file StdLib\CMSIS\STM32F2xx\startup\arm\startup_stm32f2xx.
s
      At line 263 in file StdLib\CMSIS\STM32F2xx\startup\arm\startup_stm32f2xx.
s

OTG_HS_EP1_IN_IRQHandler 0000001A

Symbol: OTG_HS_EP1_IN_IRQHandler
   Definitions
      At line 378 in file StdLib\CMSIS\STM32F2xx\startup\arm\startup_stm32f2xx.
s
   Uses
      At line 152 in file StdLib\CMSIS\STM32F2xx\startup\arm\startup_stm32f2xx.
s
      At line 296 in file StdLib\CMSIS\STM32F2xx\startup\arm\startup_stm32f2xx.
s

OTG_HS_EP1_OUT_IRQHandler 0000001A

Symbol: OTG_HS_EP1_OUT_IRQHandler
   Definitions
      At line 377 in file StdLib\CMSIS\STM32F2xx\startup\arm\startup_stm32f2xx.
s
   Uses
      At line 151 in file StdLib\CMSIS\STM32F2xx\startup\arm\startup_stm32f2xx.
s
      At line 295 in file StdLib\CMSIS\STM32F2xx\startup\arm\startup_stm32f2xx.
s

OTG_HS_IRQHandler 0000001A

Symbol: OTG_HS_IRQHandler
   Definitions
      At line 380 in file StdLib\CMSIS\STM32F2xx\startup\arm\startup_stm32f2xx.
s



ARM Macro Assembler    Page 12 Alphabetic symbol ordering
Relocatable symbols

   Uses
      At line 154 in file StdLib\CMSIS\STM32F2xx\startup\arm\startup_stm32f2xx.
s
      At line 298 in file StdLib\CMSIS\STM32F2xx\startup\arm\startup_stm32f2xx.
s

OTG_HS_WKUP_IRQHandler 0000001A

Symbol: OTG_HS_WKUP_IRQHandler
   Definitions
      At line 379 in file StdLib\CMSIS\STM32F2xx\startup\arm\startup_stm32f2xx.
s
   Uses
      At line 153 in file StdLib\CMSIS\STM32F2xx\startup\arm\startup_stm32f2xx.
s
      At line 297 in file StdLib\CMSIS\STM32F2xx\startup\arm\startup_stm32f2xx.
s

PVD_IRQHandler 0000001A

Symbol: PVD_IRQHandler
   Definitions
      At line 304 in file StdLib\CMSIS\STM32F2xx\startup\arm\startup_stm32f2xx.
s
   Uses
      At line 78 in file StdLib\CMSIS\STM32F2xx\startup\arm\startup_stm32f2xx.s
      At line 222 in file StdLib\CMSIS\STM32F2xx\startup\arm\startup_stm32f2xx.
s

PendSV_Handler 00000016

Symbol: PendSV_Handler
   Definitions
      At line 210 in file StdLib\CMSIS\STM32F2xx\startup\arm\startup_stm32f2xx.
s
   Uses
      At line 73 in file StdLib\CMSIS\STM32F2xx\startup\arm\startup_stm32f2xx.s
      At line 211 in file StdLib\CMSIS\STM32F2xx\startup\arm\startup_stm32f2xx.
s

RCC_IRQHandler 0000001A

Symbol: RCC_IRQHandler
   Definitions
      At line 308 in file StdLib\CMSIS\STM32F2xx\startup\arm\startup_stm32f2xx.
s
   Uses
      At line 82 in file StdLib\CMSIS\STM32F2xx\startup\arm\startup_stm32f2xx.s
      At line 226 in file StdLib\CMSIS\STM32F2xx\startup\arm\startup_stm32f2xx.
s

RTC_Alarm_IRQHandler 0000001A

Symbol: RTC_Alarm_IRQHandler
   Definitions
      At line 344 in file StdLib\CMSIS\STM32F2xx\startup\arm\startup_stm32f2xx.
s
   Uses
      At line 118 in file StdLib\CMSIS\STM32F2xx\startup\arm\startup_stm32f2xx.



ARM Macro Assembler    Page 13 Alphabetic symbol ordering
Relocatable symbols

s
      At line 262 in file StdLib\CMSIS\STM32F2xx\startup\arm\startup_stm32f2xx.
s

RTC_WKUP_IRQHandler 0000001A

Symbol: RTC_WKUP_IRQHandler
   Definitions
      At line 306 in file StdLib\CMSIS\STM32F2xx\startup\arm\startup_stm32f2xx.
s
   Uses
      At line 80 in file StdLib\CMSIS\STM32F2xx\startup\arm\startup_stm32f2xx.s
      At line 224 in file StdLib\CMSIS\STM32F2xx\startup\arm\startup_stm32f2xx.
s

Reset_Handler 00000000

Symbol: Reset_Handler
   Definitions
      At line 165 in file StdLib\CMSIS\STM32F2xx\startup\arm\startup_stm32f2xx.
s
   Uses
      At line 60 in file StdLib\CMSIS\STM32F2xx\startup\arm\startup_stm32f2xx.s
      At line 166 in file StdLib\CMSIS\STM32F2xx\startup\arm\startup_stm32f2xx.
s

SDIO_IRQHandler 0000001A

Symbol: SDIO_IRQHandler
   Definitions
      At line 352 in file StdLib\CMSIS\STM32F2xx\startup\arm\startup_stm32f2xx.
s
   Uses
      At line 126 in file StdLib\CMSIS\STM32F2xx\startup\arm\startup_stm32f2xx.
s
      At line 270 in file StdLib\CMSIS\STM32F2xx\startup\arm\startup_stm32f2xx.
s

SPI1_IRQHandler 0000001A

Symbol: SPI1_IRQHandler
   Definitions
      At line 338 in file StdLib\CMSIS\STM32F2xx\startup\arm\startup_stm32f2xx.
s
   Uses
      At line 112 in file StdLib\CMSIS\STM32F2xx\startup\arm\startup_stm32f2xx.
s
      At line 256 in file StdLib\CMSIS\STM32F2xx\startup\arm\startup_stm32f2xx.
s

SPI2_IRQHandler 0000001A

Symbol: SPI2_IRQHandler
   Definitions
      At line 339 in file StdLib\CMSIS\STM32F2xx\startup\arm\startup_stm32f2xx.
s
   Uses
      At line 113 in file StdLib\CMSIS\STM32F2xx\startup\arm\startup_stm32f2xx.
s



ARM Macro Assembler    Page 14 Alphabetic symbol ordering
Relocatable symbols

      At line 257 in file StdLib\CMSIS\STM32F2xx\startup\arm\startup_stm32f2xx.
s

SPI3_IRQHandler 0000001A

Symbol: SPI3_IRQHandler
   Definitions
      At line 354 in file StdLib\CMSIS\STM32F2xx\startup\arm\startup_stm32f2xx.
s
   Uses
      At line 128 in file StdLib\CMSIS\STM32F2xx\startup\arm\startup_stm32f2xx.
s
      At line 272 in file StdLib\CMSIS\STM32F2xx\startup\arm\startup_stm32f2xx.
s

SVC_Handler 00000012

Symbol: SVC_Handler
   Definitions
      At line 201 in file StdLib\CMSIS\STM32F2xx\startup\arm\startup_stm32f2xx.
s
   Uses
      At line 70 in file StdLib\CMSIS\STM32F2xx\startup\arm\startup_stm32f2xx.s
      At line 202 in file StdLib\CMSIS\STM32F2xx\startup\arm\startup_stm32f2xx.
s

SysTick_Handler 00000018

Symbol: SysTick_Handler
   Definitions
      At line 214 in file StdLib\CMSIS\STM32F2xx\startup\arm\startup_stm32f2xx.
s
   Uses
      At line 74 in file StdLib\CMSIS\STM32F2xx\startup\arm\startup_stm32f2xx.s
      At line 215 in file StdLib\CMSIS\STM32F2xx\startup\arm\startup_stm32f2xx.
s

TAMP_STAMP_IRQHandler 0000001A

Symbol: TAMP_STAMP_IRQHandler
   Definitions
      At line 305 in file StdLib\CMSIS\STM32F2xx\startup\arm\startup_stm32f2xx.
s
   Uses
      At line 79 in file StdLib\CMSIS\STM32F2xx\startup\arm\startup_stm32f2xx.s
      At line 223 in file StdLib\CMSIS\STM32F2xx\startup\arm\startup_stm32f2xx.
s

TIM1_BRK_TIM9_IRQHandler 0000001A

Symbol: TIM1_BRK_TIM9_IRQHandler
   Definitions
      At line 327 in file StdLib\CMSIS\STM32F2xx\startup\arm\startup_stm32f2xx.
s
   Uses
      At line 101 in file StdLib\CMSIS\STM32F2xx\startup\arm\startup_stm32f2xx.
s
      At line 245 in file StdLib\CMSIS\STM32F2xx\startup\arm\startup_stm32f2xx.
s



ARM Macro Assembler    Page 15 Alphabetic symbol ordering
Relocatable symbols


TIM1_CC_IRQHandler 0000001A

Symbol: TIM1_CC_IRQHandler
   Definitions
      At line 330 in file StdLib\CMSIS\STM32F2xx\startup\arm\startup_stm32f2xx.
s
   Uses
      At line 104 in file StdLib\CMSIS\STM32F2xx\startup\arm\startup_stm32f2xx.
s
      At line 248 in file StdLib\CMSIS\STM32F2xx\startup\arm\startup_stm32f2xx.
s

TIM1_TRG_COM_TIM11_IRQHandler 0000001A

Symbol: TIM1_TRG_COM_TIM11_IRQHandler
   Definitions
      At line 329 in file StdLib\CMSIS\STM32F2xx\startup\arm\startup_stm32f2xx.
s
   Uses
      At line 103 in file StdLib\CMSIS\STM32F2xx\startup\arm\startup_stm32f2xx.
s
      At line 247 in file StdLib\CMSIS\STM32F2xx\startup\arm\startup_stm32f2xx.
s

TIM1_UP_TIM10_IRQHandler 0000001A

Symbol: TIM1_UP_TIM10_IRQHandler
   Definitions
      At line 328 in file StdLib\CMSIS\STM32F2xx\startup\arm\startup_stm32f2xx.
s
   Uses
      At line 102 in file StdLib\CMSIS\STM32F2xx\startup\arm\startup_stm32f2xx.
s
      At line 246 in file StdLib\CMSIS\STM32F2xx\startup\arm\startup_stm32f2xx.
s

TIM2_IRQHandler 0000001A

Symbol: TIM2_IRQHandler
   Definitions
      At line 331 in file StdLib\CMSIS\STM32F2xx\startup\arm\startup_stm32f2xx.
s
   Uses
      At line 105 in file StdLib\CMSIS\STM32F2xx\startup\arm\startup_stm32f2xx.
s
      At line 249 in file StdLib\CMSIS\STM32F2xx\startup\arm\startup_stm32f2xx.
s

TIM3_IRQHandler 0000001A

Symbol: TIM3_IRQHandler
   Definitions
      At line 332 in file StdLib\CMSIS\STM32F2xx\startup\arm\startup_stm32f2xx.
s
   Uses
      At line 106 in file StdLib\CMSIS\STM32F2xx\startup\arm\startup_stm32f2xx.
s
      At line 250 in file StdLib\CMSIS\STM32F2xx\startup\arm\startup_stm32f2xx.



ARM Macro Assembler    Page 16 Alphabetic symbol ordering
Relocatable symbols

s

TIM4_IRQHandler 0000001A

Symbol: TIM4_IRQHandler
   Definitions
      At line 333 in file StdLib\CMSIS\STM32F2xx\startup\arm\startup_stm32f2xx.
s
   Uses
      At line 107 in file StdLib\CMSIS\STM32F2xx\startup\arm\startup_stm32f2xx.
s
      At line 251 in file StdLib\CMSIS\STM32F2xx\startup\arm\startup_stm32f2xx.
s

TIM5_IRQHandler 0000001A

Symbol: TIM5_IRQHandler
   Definitions
      At line 353 in file StdLib\CMSIS\STM32F2xx\startup\arm\startup_stm32f2xx.
s
   Uses
      At line 127 in file StdLib\CMSIS\STM32F2xx\startup\arm\startup_stm32f2xx.
s
      At line 271 in file StdLib\CMSIS\STM32F2xx\startup\arm\startup_stm32f2xx.
s

TIM6_DAC_IRQHandler 0000001A

Symbol: TIM6_DAC_IRQHandler
   Definitions
      At line 357 in file StdLib\CMSIS\STM32F2xx\startup\arm\startup_stm32f2xx.
s
   Uses
      At line 131 in file StdLib\CMSIS\STM32F2xx\startup\arm\startup_stm32f2xx.
s
      At line 275 in file StdLib\CMSIS\STM32F2xx\startup\arm\startup_stm32f2xx.
s

TIM7_IRQHandler 0000001A

Symbol: TIM7_IRQHandler
   Definitions
      At line 358 in file StdLib\CMSIS\STM32F2xx\startup\arm\startup_stm32f2xx.
s
   Uses
      At line 132 in file StdLib\CMSIS\STM32F2xx\startup\arm\startup_stm32f2xx.
s
      At line 276 in file StdLib\CMSIS\STM32F2xx\startup\arm\startup_stm32f2xx.
s

TIM8_BRK_TIM12_IRQHandler 0000001A

Symbol: TIM8_BRK_TIM12_IRQHandler
   Definitions
      At line 346 in file StdLib\CMSIS\STM32F2xx\startup\arm\startup_stm32f2xx.
s
   Uses
      At line 120 in file StdLib\CMSIS\STM32F2xx\startup\arm\startup_stm32f2xx.
s



ARM Macro Assembler    Page 17 Alphabetic symbol ordering
Relocatable symbols

      At line 264 in file StdLib\CMSIS\STM32F2xx\startup\arm\startup_stm32f2xx.
s

TIM8_CC_IRQHandler 0000001A

Symbol: TIM8_CC_IRQHandler
   Definitions
      At line 349 in file StdLib\CMSIS\STM32F2xx\startup\arm\startup_stm32f2xx.
s
   Uses
      At line 123 in file StdLib\CMSIS\STM32F2xx\startup\arm\startup_stm32f2xx.
s
      At line 267 in file StdLib\CMSIS\STM32F2xx\startup\arm\startup_stm32f2xx.
s

TIM8_TRG_COM_TIM14_IRQHandler 0000001A

Symbol: TIM8_TRG_COM_TIM14_IRQHandler
   Definitions
      At line 348 in file StdLib\CMSIS\STM32F2xx\startup\arm\startup_stm32f2xx.
s
   Uses
      At line 122 in file StdLib\CMSIS\STM32F2xx\startup\arm\startup_stm32f2xx.
s
      At line 266 in file StdLib\CMSIS\STM32F2xx\startup\arm\startup_stm32f2xx.
s

TIM8_UP_TIM13_IRQHandler 0000001A

Symbol: TIM8_UP_TIM13_IRQHandler
   Definitions
      At line 347 in file StdLib\CMSIS\STM32F2xx\startup\arm\startup_stm32f2xx.
s
   Uses
      At line 121 in file StdLib\CMSIS\STM32F2xx\startup\arm\startup_stm32f2xx.
s
      At line 265 in file StdLib\CMSIS\STM32F2xx\startup\arm\startup_stm32f2xx.
s

UART4_IRQHandler 0000001A

Symbol: UART4_IRQHandler
   Definitions
      At line 355 in file StdLib\CMSIS\STM32F2xx\startup\arm\startup_stm32f2xx.
s
   Uses
      At line 129 in file StdLib\CMSIS\STM32F2xx\startup\arm\startup_stm32f2xx.
s
      At line 273 in file StdLib\CMSIS\STM32F2xx\startup\arm\startup_stm32f2xx.
s

UART5_IRQHandler 0000001A

Symbol: UART5_IRQHandler
   Definitions
      At line 356 in file StdLib\CMSIS\STM32F2xx\startup\arm\startup_stm32f2xx.
s
   Uses
      At line 130 in file StdLib\CMSIS\STM32F2xx\startup\arm\startup_stm32f2xx.



ARM Macro Assembler    Page 18 Alphabetic symbol ordering
Relocatable symbols

s
      At line 274 in file StdLib\CMSIS\STM32F2xx\startup\arm\startup_stm32f2xx.
s

USART1_IRQHandler 0000001A

Symbol: USART1_IRQHandler
   Definitions
      At line 340 in file StdLib\CMSIS\STM32F2xx\startup\arm\startup_stm32f2xx.
s
   Uses
      At line 114 in file StdLib\CMSIS\STM32F2xx\startup\arm\startup_stm32f2xx.
s
      At line 258 in file StdLib\CMSIS\STM32F2xx\startup\arm\startup_stm32f2xx.
s

USART2_IRQHandler 0000001A

Symbol: USART2_IRQHandler
   Definitions
      At line 341 in file StdLib\CMSIS\STM32F2xx\startup\arm\startup_stm32f2xx.
s
   Uses
      At line 115 in file StdLib\CMSIS\STM32F2xx\startup\arm\startup_stm32f2xx.
s
      At line 259 in file StdLib\CMSIS\STM32F2xx\startup\arm\startup_stm32f2xx.
s

USART3_IRQHandler 0000001A

Symbol: USART3_IRQHandler
   Definitions
      At line 342 in file StdLib\CMSIS\STM32F2xx\startup\arm\startup_stm32f2xx.
s
   Uses
      At line 116 in file StdLib\CMSIS\STM32F2xx\startup\arm\startup_stm32f2xx.
s
      At line 260 in file StdLib\CMSIS\STM32F2xx\startup\arm\startup_stm32f2xx.
s

USART6_IRQHandler 0000001A

Symbol: USART6_IRQHandler
   Definitions
      At line 374 in file StdLib\CMSIS\STM32F2xx\startup\arm\startup_stm32f2xx.
s
   Uses
      At line 148 in file StdLib\CMSIS\STM32F2xx\startup\arm\startup_stm32f2xx.
s
      At line 292 in file StdLib\CMSIS\STM32F2xx\startup\arm\startup_stm32f2xx.
s

UsageFault_Handler 00000010

Symbol: UsageFault_Handler
   Definitions
      At line 197 in file StdLib\CMSIS\STM32F2xx\startup\arm\startup_stm32f2xx.
s
   Uses



ARM Macro Assembler    Page 19 Alphabetic symbol ordering
Relocatable symbols

      At line 65 in file StdLib\CMSIS\STM32F2xx\startup\arm\startup_stm32f2xx.s
      At line 198 in file StdLib\CMSIS\STM32F2xx\startup\arm\startup_stm32f2xx.
s

WWDG_IRQHandler 0000001A

Symbol: WWDG_IRQHandler
   Definitions
      At line 303 in file StdLib\CMSIS\STM32F2xx\startup\arm\startup_stm32f2xx.
s
   Uses
      At line 77 in file StdLib\CMSIS\STM32F2xx\startup\arm\startup_stm32f2xx.s
      At line 221 in file StdLib\CMSIS\STM32F2xx\startup\arm\startup_stm32f2xx.
s

__user_initial_stackheap 0000001C

Symbol: __user_initial_stackheap
   Definitions
      At line 405 in file StdLib\CMSIS\STM32F2xx\startup\arm\startup_stm32f2xx.
s
   Uses
      At line 403 in file StdLib\CMSIS\STM32F2xx\startup\arm\startup_stm32f2xx.
s
Comment: __user_initial_stackheap used once
94 symbols



ARM Macro Assembler    Page 1 Alphabetic symbol ordering
Absolute symbols

Heap_Size 00000200

Symbol: Heap_Size
   Definitions
      At line 42 in file StdLib\CMSIS\STM32F2xx\startup\arm\startup_stm32f2xx.s
   Uses
      At line 46 in file StdLib\CMSIS\STM32F2xx\startup\arm\startup_stm32f2xx.s
      At line 409 in file StdLib\CMSIS\STM32F2xx\startup\arm\startup_stm32f2xx.
s

Stack_Size 00000400

Symbol: Stack_Size
   Definitions
      At line 31 in file StdLib\CMSIS\STM32F2xx\startup\arm\startup_stm32f2xx.s
   Uses
      At line 34 in file StdLib\CMSIS\STM32F2xx\startup\arm\startup_stm32f2xx.s
      At line 408 in file StdLib\CMSIS\STM32F2xx\startup\arm\startup_stm32f2xx.
s

__Vectors_Size 00000184

Symbol: __Vectors_Size
   Definitions
      At line 160 in file StdLib\CMSIS\STM32F2xx\startup\arm\startup_stm32f2xx.
s
   Uses
      At line 57 in file StdLib\CMSIS\STM32F2xx\startup\arm\startup_stm32f2xx.s
Comment: __Vectors_Size used once
3 symbols



ARM Macro Assembler    Page 1 Alphabetic symbol ordering
External symbols

SystemInit 00000000

Symbol: SystemInit
   Definitions
      At line 167 in file StdLib\CMSIS\STM32F2xx\startup\arm\startup_stm32f2xx.
s
   Uses
      At line 169 in file StdLib\CMSIS\STM32F2xx\startup\arm\startup_stm32f2xx.
s
Comment: SystemInit used once
__main 00000000

Symbol: __main
   Definitions
      At line 168 in file StdLib\CMSIS\STM32F2xx\startup\arm\startup_stm32f2xx.
s
   Uses
      At line 171 in file StdLib\CMSIS\STM32F2xx\startup\arm\startup_stm32f2xx.
s
Comment: __main used once
__use_two_region_memory 00000000

Symbol: __use_two_region_memory
   Definitions
      At line 402 in file StdLib\CMSIS\STM32F2xx\startup\arm\startup_stm32f2xx.
s
   Uses
      None
Comment: __use_two_region_memory unused
3 symbols
444 symbols in table
